kylin-x:~# echo "boot /freertos.bin /freertos.dtb" > /dev/kvmm
[  4.160437 0:5 kvmm::loader:163] [kvmm-loader] DTB "/freertos.dtb": 1 cpu node(s)
[  4.161230 0:5 kvmm::mm:32] [kvmm] reserved guest RAM GPA 0x70000000+0xc000000 (49152 pages)
[  4.162107 0:5 kvmm::mm::stage2:216] [stage2] init mem=0x70000000+0xc000000 l1_pa=0x53b97000 vtcr=0x13560
[  4.162530 0:5 kvmm::vm:502] [vmm] vm_create: 1 vCPU(s), mem=0x70000000+0xc000000 guest_mem=yes
[  4.167883 0:5 kvmm::loader:69] [kvmm-loader] loaded "/freertos.bin": 37368 bytes to GPA 0x70800000
[  4.168260 0:5 kvmm::device:290] [kvmm] boot: kernel 37368 bytes @ 0x70800000
[  4.169714 0:5 kvmm::loader:69] [kvmm-loader] loaded "/freertos.dtb": 1164 bytes to GPA 0x74000000
[  4.170058 0:5 kvmm::device:296] [kvmm] boot: dtb 1164 bytes @ 0x74000000
[  4.170955 0:5 kvmm::loader:399] [kvmm-loader] patched DTB: memory base=0x70000000 size=0xc000000 (2+2 cells)
[  4.172886 0:5 kvmm::mm::stage2:269] [stage2] map_region gpa=0x8010000 → hpa=0x8040000 size=0x10000
[  4.173162 0:5 kvmm::device:483] [kvmm] GIC unmapped: GICD=0x8000000 GICH=0x8030000 GICV=0x8040000, GICC→GICV remap
[  4.173949 0:5 kvmm::device:396] [kvmm] boot: vm=0 mem_base=0x70000000 kernel=/freertos.bin dtb=/freertos.dtb entry=0x70800000 dtb_addr=0x74000000
kylin-x:~# [  4.182385 2:7 kvmm::vcpu:87] [VMM] Starting vcpu0
[  4.184445 2:7 vpl011:265] [vpl011 0] UARTDR write #0: 0xd '.'
[  4.184810 2:7 vpl011:265] [vpl011 0] UARTDR write #1: 0xa '.'
[  4.185248 2:7 vpl011:265] [vpl011 0] UARTDR write #2: 0x5b '['
[  4.185568 2:7 vpl011:265] [vpl011 0] UARTDR write #3: 0x46 'F'
[  4.185943 2:7 vpl011:265] [vpl011 0] UARTDR write #4: 0x72 'r'
[  4.189349 2:7 vpl011:177] [guest 0] [FreeRTOS] Booting on kvmm (AArch64 EL1)
[  4.193331 2:7 vpl011:177] [guest 0] [FreeRTOS] CNTFRQ = 62500000 Hz
[  4.199192 2:7 vpl011:177] [guest 0] [FreeRTOS] Tick rate = 100 Hz, delay = 100 ticks (expect 1000000 us)
[  4.203132 2:7 vpl011:177] [guest 0] [FreeRTOS] Starting scheduler...
[  4.204365 2:7 kvmm::device:497] [kvmm] skip PPI/SGI 27 (software inject via GICH LR)
[  4.212359 2:7 kvmm::arch::aarch64:443] [VMM] IRQ exit #0 type=1 cntv_ctl=0x1
[  4.222286 2:7 kvmm::arch::aarch64:443] [VMM] IRQ exit #1 type=1 cntv_ctl=0x5
[  4.232245 2:7 kvmm::arch::aarch64:443] [VMM] IRQ exit #2 type=1 cntv_ctl=0x5
[  4.242304 2:7 kvmm::arch::aarch64:443] [VMM] IRQ exit #3 type=1 cntv_ctl=0x5
[  4.252205 2:7 kvmm::arch::aarch64:443] [VMM] IRQ exit #4 type=1 cntv_ctl=0x5
[  4.262297 2:7 kvmm::arch::aarch64:443] [VMM] IRQ exit #5 type=1 cntv_ctl=0x5
[  4.272260 2:7 kvmm::arch::aarch64:443] [VMM] IRQ exit #6 type=1 cntv_ctl=0x5
[  4.282290 2:7 kvmm::arch::aarch64:443] [VMM] IRQ exit #7 type=1 cntv_ctl=0x5
[  4.292265 2:7 kvmm::arch::aarch64:443] [VMM] IRQ exit #8 type=1 cntv_ctl=0x5
[  4.302217 2:7 kvmm::arch::aarch64:443] [VMM] IRQ exit #9 type=1 cntv_ctl=0x5
[  4.312190 2:7 kvmm::arch::aarch64:443] [VMM] IRQ exit #10 type=1 cntv_ctl=0x5
[  4.322321 2:7 kvmm::arch::aarch64:443] [VMM] IRQ exit #11 type=1 cntv_ctl=0x5
[  4.332278 2:7 kvmm::arch::aarch64:443] [VMM] IRQ exit #12 type=1 cntv_ctl=0x5
[  4.342248 2:7 kvmm::arch::aarch64:443] [VMM] IRQ exit #13 type=1 cntv_ctl=0x5
[  4.352237 2:7 kvmm::arch::aarch64:443] [VMM] IRQ exit #14 type=1 cntv_ctl=0x5
[  4.362289 2:7 kvmm::arch::aarch64:443] [VMM] IRQ exit #15 type=1 cntv_ctl=0x5
[  4.372249 2:7 kvmm::arch::aarch64:443] [VMM] IRQ exit #16 type=1 cntv_ctl=0x5
[  4.382226 2:7 kvmm::arch::aarch64:443] [VMM] IRQ exit #17 type=1 cntv_ctl=0x5
[  4.392291 2:7 kvmm::arch::aarch64:443] [VMM] IRQ exit #18 type=1 cntv_ctl=0x5
[  4.402263 2:7 kvmm::arch::aarch64:443] [VMM] IRQ exit #19 type=1 cntv_ctl=0x5
[  5.221485 2:7 vpl011:177] [guest 0] [Task 0] #1  actual=1007095[Task 1] #1  actual=1009267 us  drift=9267 us  min=1009267 max=1009267 avg=1009267 avg_drift=9267
[  5.228306 2:7 vpl011:177] [guest 0]  us  drift=7095 us  min=1007095 max=1007095 avg=1007095 avg_drift=7095
[  6.231573 2:7 vpl011:177] [guest 0] [Task 1] #2  actual=1007433 us  [Task 0] #2  actual=1012284 us  drift=12284 us  min=1007095 max=1012284 avg=1009689 avg_drift=9689
[  6.237702 2:7 vpl011:177] [guest 0] drift=7433 us  min=1007433 max=1009267 avg=1008350 avg_drift=8350
[  7.241567 2:7 vpl011:177] [guest 0] [Task 0] #3  actual=1007398 us  [Task 1] #3  actual=1012558 us  drift=12558 us  min=1007433 max=1012558 avg=1009752 avg_drift=9752
[  7.248057 2:7 vpl011:177] [guest 0] drift=7398 us  min=1007095 max=1012284 avg=1008925 avg_drift=8925
[  8.251512 2:7 vpl011:177] [guest 0] [Task 1] #4  actual=1007428 us  [Task 0] #4  actual=1012609 us  drift=12609 us  min=1007095 max=1012609 avg=1009846 avg_drift=9846
[  8.257597 2:7 vpl011:177] [guest 0] drift=7428 us  min=1007428 max=1012558 avg=1009171 avg_drift=9171
[  9.261477 2:7 vpl011:177] [guest 0] [Task 0] #5  actual=1007383 us  d[Task 1] #5  actual=1012589 us  drift=12589 us  min=1007428 max=1012589 avg=1009855 avg_drift=9855
[  9.267873 2:7 vpl011:177] [guest 0] rift=7383 us  min=1007095 max=1012609 avg=1009353 avg_drift=9353

kylin-x:~# cat /proc/kvmm 
[ 38.862250 3:8 posix_process::runtime:38] Enter user space: ip=0x404826c, sp=0x7ffefffff6a0
VMs: 1

[VM 0] up 34.751s
  vCPUs: 1
  Memory: 0x70000000 + 0xc000000
  vCPU 0: pCPU 2  util=99% exits=5884 guest=34423.045ms exit=307.603ms
    halt=0 hcall=0 mmio=2357 irq=3527 other=0
  Device: vpl011 @ 0x9000000
  Device: vgicd @ 0x8000000
[ 38.917117 3:8 posix_process::runtime:210] Task(8, "busybox") exit with code: 0
kylin-x:~# [ 54.271546 2:7 vpl011:177] [guest 0] [Task 1] #50  actual=999963 us  [Task 0] #50  actual=992587 us  drift=-7413 us  min=992587 max=1020005 avg=1001187 avg_drift=1187
[ 54.277280 2:7 vpl011:177] [guest 0] drift=-37 us  min=999923 max=1012589 avg=1001132 avg_drift=1132
[104.294353 2:7 vpl011:177] [guest 0] [Task 0] #100  actual=1000167 us  drift=167 us [Task 1] #100  actual=994159 us  drift=-5841 us  min=994159 max=1020044 avg=1000808 avg_drift=808
[104.299293 2:7 vpl011:177] [guest 0]  min=992587 max=1020005 avg=1000769 avg_drift=769
[154.303926 2:7 vpl011:177] [guest 0] [Task 1] #150  actual=1000014 us  drift=14 us  mi[Task 0] #150  actual=994152 us  drift=-5848 us  min=992587 max=1020005 avg=1000605 avg_drift=605
[154.308234 2:7 vpl011:177] [guest 0] n=994159 max=1020044 avg=1000577 avg_drift=577